android/build/intermediates/manifest_merge_blame_file/release/manifest-merger-blame-release-report.txt
1<?xml version="1.0" encoding="utf-8"?>
2<manifest xmlns:android="http://schemas.android.com/apk/res/android"
3    package="com.reactlibrary"
4    android:versionCode="1"
5    android:versionName="1.0" >
6
7    <uses-sdk
8        android:minSdkVersion="16"
8-->src/main/AndroidManifest.xml
9        android:targetSdkVersion="22" />
9-->src/main/AndroidManifest.xml
10
11    <uses-permission android:name="android.permission.INTERNET" />
11-->src/main/AndroidManifest.xml:13:5-67
11-->src/main/AndroidManifest.xml:13:22-64
12    <uses-permission android:name="android.permission.ACCESS_NETWORK_STATE" />
12-->src/main/AndroidManifest.xml:14:5-79
12-->src/main/AndroidManifest.xml:14:22-76
13
14    <application>
14-->src/main/AndroidManifest.xml:2:2-12:19
15        <provider
15-->src/main/AndroidManifest.xml:3:7-11:20
16            android:name="com.reactlibrary.FileProviderClass"
16-->src/main/AndroidManifest.xml:4:13-62
17            android:authorities="${applicationId}.docViewer_provider"
17-->src/main/AndroidManifest.xml:5:13-70
18            android:exported="false"
18-->src/main/AndroidManifest.xml:6:13-37
19            android:grantUriPermissions="true" >
19-->src/main/AndroidManifest.xml:7:13-47
20            <meta-data
20-->src/main/AndroidManifest.xml:8:13-10:53
21                android:name="android.support.FILE_PROVIDER_PATHS"
21-->src/main/AndroidManifest.xml:9:17-67
22                android:resource="@xml/filepaths" />
22-->src/main/AndroidManifest.xml:10:17-50
23        </provider>
24    </application>
25
26</manifest>